1	2.023668e+01
2	2.033033e+01
3	2.046736e+01
4	2.053260e+01
5	2.069536e+01
6	2.069179e+01
7	2.050117e+01
8	2.062064e+01
9	2.072480e+01
10	2.103828e+01
11	2.096895e+01
12	2.132862e+01
13	2.156942e+01
14	2.183808e+01
15	2.179810e+01
16	2.168895e+01
17	2.166005e+01
18	2.183060e+01
19	2.183634e+01
20	2.202356e+01
21	2.168242e+01
22	2.127827e+01
23	2.121793e+01
24	2.152494e+01
25	2.147691e+01
26	2.158562e+01
27	2.109777e+01
28	2.152077e+01
29	2.146220e+01
30	2.146214e+01
31	2.115532e+01
32	2.124353e+01
33	2.138655e+01
34	2.132056e+01
35	2.093817e+01
36	2.119629e+01
37	2.097537e+01
38	2.097949e+01
39	2.087219e+01
40	2.096880e+01
41	2.083998e+01
42	2.117238e+01
43	2.114481e+01
44	2.117044e+01
45	2.069978e+01
46	2.057683e+01
47	2.083463e+01
48	2.063068e+01
49	2.077065e+01
50	2.103646e+01
51	2.104329e+01
52	2.118980e+01
53	2.128479e+01
54	2.108631e+01
55	2.128235e+01
56	2.100939e+01
57	2.056425e+01
58	2.067004e+01
59	2.068656e+01
60	2.066368e+01
61	2.094117e+01
62	2.071972e+01
63	2.088309e+01
64	2.098277e+01
65	2.107794e+01
66	2.078304e+01
67	2.081565e+01
68	2.073561e+01
69	2.040117e+01
70	2.048525e+01
71	2.084817e+01
72	2.065016e+01
73	2.064443e+01
74	2.056793e+01
75	2.063011e+01
76	2.065407e+01
77	2.053887e+01
78	2.022501e+01
79	2.040749e+01
80	2.030984e+01
81	2.037330e+01
82	2.040096e+01
83	2.029107e+01
84	2.057155e+01
85	2.061046e+01
86	2.029944e+01
87	1.980126e+01
88	1.974870e+01
89	1.990325e+01
90	1.961142e+01
91	1.975620e+01
92	1.971506e+01
93	1.973982e+01
94	2.007254e+01
95	2.011851e+01
96	1.994708e+01
97	1.988795e+01
98	1.982139e+01
99	1.991155e+01
100	1.993186e+01
101	1.982298e+01
102	1.953515e+01
103	1.964456e+01
104	1.982962e+01
105	2.007118e+01
106	2.021821e+01
107	2.021175e+01
108	2.050223e+01
109	2.031666e+01
110	2.012212e+01
111	1.999002e+01
112	1.973845e+01
113	1.956839e+01
114	1.951049e+01
115	1.979009e+01
116	1.952929e+01
117	1.929953e+01
118	1.948142e+01
119	1.939567e+01
120	1.963110e+01
121	1.981849e+01
122	1.960111e+01
123	1.962390e+01
124	1.962905e+01
125	1.985255e+01
126	1.966516e+01
127	1.974439e+01
128	1.966572e+01
129	1.981976e+01
130	2.009913e+01
131	1.997512e+01
132	1.987902e+01
133	1.995724e+01
134	2.013135e+01
135	1.993447e+01
136	1.984144e+01
137	1.987730e+01
138	1.985178e+01
139	1.968999e+01
140	1.968054e+01
141	1.970922e+01
142	1.997808e+01
143	2.016336e+01
144	2.004175e+01
145	2.011775e+01
146	2.045309e+01
147	2.044099e+01
148	2.046126e+01
149	2.045639e+01
150	2.080789e+01
151	2.099455e+01
152	2.113398e+01
153	2.148104e+01
154	2.148975e+01
155	2.182799e+01
156	2.170326e+01
157	2.170620e+01
158	2.191478e+01
159	2.148035e+01
160	2.124104e+01
161	2.090945e+01
162	2.088008e+01
163	2.093116e+01
164	2.107347e+01
165	2.128193e+01
166	2.108368e+01
167	2.117022e+01
168	2.087561e+01
169	2.080557e+01
170	2.083144e+01
171	2.096135e+01
172	2.128792e+01
173	2.144803e+01
174	2.161006e+01
175	2.175760e+01
176	2.201048e+01
177	2.204778e+01
178	2.200847e+01
179	2.196366e+01
180	2.235432e+01
181	2.219757e+01
182	2.243633e+01
183	2.262205e+01
184	2.296183e+01
185	2.309929e+01
186	2.311220e+01
187	2.262726e+01
188	2.292761e+01
189	2.350405e+01
190	2.349575e+01
191	2.385182e+01
192	2.379954e+01
193	2.390960e+01
194	2.388697e+01
195	2.383378e+01
196	2.437738e+01
197	2.382903e+01
198	2.352132e+01
199	2.365988e+01
200	2.389354e+01
201	2.420861e+01
202	2.424227e+01
203	2.390177e+01
204	2.390393e+01
205	2.390619e+01
206	2.359143e+01
207	2.388384e+01
208	2.443436e+01
209	2.425945e+01
210	2.472962e+01
211	2.497028e+01
212	2.452491e+01
213	2.451172e+01
214	2.477460e+01
215	2.534183e+01
216	2.533258e+01
217	2.553419e+01
218	2.576944e+01
219	2.542778e+01
220	2.504883e+01
221	2.447051e+01
222	2.417420e+01
223	2.427272e+01
224	2.426502e+01
225	2.424844e+01
226	2.452043e+01
227	2.468501e+01
228	2.519842e+01
229	2.560904e+01
230	2.588015e+01
231	2.602069e+01
232	2.595517e+01
233	2.571134e+01
234	2.543140e+01
235	2.529786e+01
236	2.508097e+01
237	2.506038e+01
238	2.507815e+01
239	2.542427e+01
240	2.577003e+01
241	2.565113e+01
242	2.625455e+01
243	2.646087e+01
244	2.664178e+01
245	2.654761e+01
246	2.670523e+01
247	2.682872e+01
248	2.690524e+01
249	2.722975e+01
250	2.724575e+01
251	2.716116e+01
252	2.731554e+01
253	2.677333e+01
254	2.673208e+01
255	2.742392e+01
256	2.731378e+01
257	2.747841e+01
258	2.756709e+01
259	2.803937e+01
260	2.744344e+01
261	2.743464e+01
262	2.722804e+01
263	2.706883e+01
264	2.675399e+01
265	2.664657e+01
266	2.641432e+01
267	2.640096e+01
268	2.658337e+01
269	2.675051e+01
270	2.641774e+01
271	2.674406e+01
272	2.691981e+01
273	2.699348e+01
274	2.753087e+01
275	2.705917e+01
276	2.683781e+01
277	2.687489e+01
278	2.649315e+01
279	2.679326e+01
280	2.698355e+01
281	2.698199e+01
282	2.718247e+01
283	2.718023e+01
284	2.762493e+01
285	2.780098e+01
286	2.828572e+01
287	2.849752e+01
288	2.826571e+01
289	2.811758e+01
290	2.861855e+01
291	2.887483e+01
292	2.881074e+01
293	2.881481e+01
294	2.922092e+01
295	2.885558e+01
296	2.949962e+01
297	2.987527e+01
298	2.934207e+01
299	2.924337e+01
300	3.000249e+01
301	2.980231e+01
302	3.005283e+01
303	3.003821e+01
304	2.987813e+01
305	2.947515e+01
306	2.960644e+01
307	2.965742e+01
308	3.011509e+01
309	3.040930e+01
310	3.065938e+01
311	3.068652e+01
312	3.059422e+01
313	3.043728e+01
314	3.007253e+01
315	2.983589e+01
316	2.945262e+01
317	2.926459e+01
318	2.877229e+01
319	2.882312e+01
320	2.819167e+01
321	2.837242e+01
322	2.847989e+01
323	2.841177e+01
324	2.841972e+01
325	2.868667e+01
326	2.866629e+01
327	2.884471e+01
328	2.905478e+01
329	2.885480e+01
330	2.923579e+01
331	2.956344e+01
332	2.944818e+01
333	2.984115e+01
334	2.933940e+01
335	2.943866e+01
336	2.960998e+01
337	2.969967e+01
338	3.015325e+01
339	3.049193e+01
340	3.022233e+01
341	3.028309e+01
342	3.071398e+01
343	3.051154e+01
344	3.033726e+01
345	3.025119e+01
346	2.996064e+01
347	2.966301e+01
348	2.972248e+01
349	2.964366e+01
350	2.967389e+01
351	3.009525e+01
352	3.050966e+01
353	3.100587e+01
354	3.097188e+01
355	3.112466e+01
356	3.080089e+01
357	3.054500e+01
358	3.049419e+01
359	3.069980e+01
360	3.053990e+01
361	3.076636e+01
362	3.052676e+01
363	3.067400e+01
364	3.108734e+01
365	3.206617e+01
