2.000000e-02	5.013996e+00	1.541267e-10	5.013996e+00	9.999612e-01	7.717437e-06
4.000000e-02	1.382630e-02	5.325652e-10	1.382630e-02	1.953113e-03	7.469671e-09
6.000000e-02	6.366745e-05	2.043223e-15	6.366745e-05	3.272348e-11	3.814550e-06
8.000000e-02	1.026221e-06	2.075141e-15	1.026221e-06	3.701841e-14	7.450520e-09
1.000000e-01	5.579297e-11	4.364311e-20	5.579297e-11	1.455131e-11	1.340008e-16
1.200000e-01	2.004046e-13	8.001880e-21	2.004046e-13	2.842141e-14	1.952891e-19
1.400000e-01	9.470414e-16	2.641587e-25	9.470414e-16	5.299285e-22	5.550894e-17
1.600000e-01	1.501495e-17	3.078072e-26	1.501495e-17	8.566412e-25	1.084189e-19
1.800000e-01	5.974801e-22	8.574372e-31	5.974801e-22	2.117491e-22	2.694555e-27
2.000000e-01	2.907382e-24	1.036492e-31	2.907382e-24	4.135850e-25	3.473492e-30
2.200000e-01	1.408475e-26	3.628323e-36	1.408475e-26	1.071573e-32	8.077574e-28
2.400000e-01	2.193944e-28	4.885876e-37	2.193944e-28	2.018709e-35	1.577691e-30
2.600000e-01	6.096835e-33	1.506072e-41	6.096835e-33	3.081329e-33	4.806372e-38
2.800000e-01	4.221840e-35	1.688248e-42	4.221840e-35	6.018415e-36	7.079971e-41
3.000000e-01	2.094380e-37	3.972436e-47	2.094380e-37	1.936220e-43	1.175430e-38
3.200000e-01	3.199798e-39	1.674672e-47	3.199798e-39	3.679202e-45	2.295111e-41
3.400000e-01	5.872299e-44	2.459196e-52	5.872299e-44	4.482516e-44	5.410625e-48
3.600000e-01	6.157494e-46	5.024174e-53	6.157495e-46	8.755066e-47	1.221621e-50
3.800000e-01	3.112683e-48	1.775532e-57	3.112683e-48	2.885853e-53	1.709798e-49
4.000000e-01	4.575523e-50	6.210259e-58	4.575523e-50	3.022101e-54	3.283840e-52
4.200000e-01	6.438826e-55	1.315366e-62	6.438826e-55	6.442718e-55	2.871131e-57
4.400000e-01	9.835680e-57	1.568439e-63	9.835681e-57	1.255319e-57	7.947793e-60
4.600000e-01	4.555438e-59	1.183289e-67	4.555438e-59	1.528077e-62	2.451728e-60
4.800000e-01	6.050942e-61	5.556245e-68	6.050943e-61	3.641413e-64	4.256779e-63
5.000000e-01	1.864494e-65	1.175893e-72	1.864494e-65	8.712987e-66	2.923107e-67
5.200000e-01	2.311225e-67	3.129389e-73	2.311229e-67	1.669959e-68	8.179915e-70
5.400000e-01	6.177222e-70	8.944716e-78	6.177222e-70	1.445442e-72	3.270054e-71
5.600000e-01	7.348800e-72	4.201667e-78	7.348805e-72	1.222774e-74	5.044158e-74
5.800000e-01	5.144248e-76	7.167067e-83	5.144249e-76	1.076427e-76	1.330293e-77
6.000000e-01	8.025783e-78	2.558682e-83	8.025809e-78	2.065960e-79	2.714243e-80
6.200000e-01	7.808576e-81	4.614431e-88	7.808577e-81	6.689479e-83	3.841054e-82
6.400000e-01	8.530899e-83	1.443944e-88	8.530914e-83	2.089009e-85	6.416830e-85
6.600000e-01	8.584011e-87	2.130665e-93	8.584013e-87	1.255647e-87	3.660772e-88
6.800000e-01	1.875414e-88	7.080698e-94	1.875421e-88	2.585162e-90	5.849507e-91
7.000000e-01	9.926530e-92	1.465576e-98	9.926531e-92	1.714669e-93	4.323914e-93
7.200000e-01	1.055598e-93	2.704732e-99	1.055601e-93	3.170486e-96	8.561275e-96
7.400000e-01	1.311698e-97	5.612511e-104	1.311699e-97	1.446288e-98	7.937214e-99
7.600000e-01	3.413249e-99	8.808374e-105	3.413257e-99	3.350202e-101	1.056506e-101
7.800000e-01	1.301985e-102	2.122953e-109	1.301985e-102	3.397931e-104	5.033643e-104
8.000000e-01	1.400861e-104	2.723229e-110	1.400863e-104	4.848343e-107	1.166925e-106
8.200000e-01	2.021599e-108	8.712581e-115	2.021600e-108	1.729039e-109	1.458227e-109
8.400000e-01	5.555265e-110	6.144414e-116	5.555271e-110	4.526820e-112	1.714281e-112
8.600000e-01	1.780495e-113	2.912933e-120	1.780495e-113	5.966625e-115	6.141183e-115
8.800000e-01	1.904543e-115	1.835744e-121	1.904544e-115	7.245168e-118	1.634622e-117
9.000000e-01	3.096378e-119	1.155188e-125	3.096379e-119	2.165303e-120	2.410340e-120
9.200000e-01	8.567386e-121	6.878583e-127	8.567393e-121	6.323335e-123	2.624586e-123
9.400000e-01	2.515369e-124	3.697148e-131	2.515369e-124	9.631568e-126	7.755060e-126
9.600000e-01	2.666058e-126	1.731017e-132	2.666060e-126	1.062360e-128	2.333631e-128
9.800000e-01	4.717746e-130	1.071964e-136	4.717747e-130	2.805702e-131	3.796896e-131
1.000000e+00	1.282266e-131	5.939166e-138	1.282266e-131	8.966897e-134	3.944442e-134
1.020000e+00	3.625664e-135	5.696360e-142	3.625665e-135	1.489838e-136	1.024185e-136
1.040000e+00	3.811035e-137	1.304608e-143	3.811037e-137	1.558480e-139	3.351911e-139
1.060000e+00	7.318096e-141	2.492081e-147	7.318099e-141	3.771235e-142	5.799689e-142
1.080000e+00	1.891933e-142	3.248179e-149	1.891933e-142	1.284705e-144	5.846289e-145
1.100000e+00	5.300207e-146	7.598835e-153	5.300208e-146	2.253945e-147	1.395496e-147
1.120000e+00	5.464181e-148	5.540431e-155	5.464182e-148	2.277487e-150	4.841447e-150
1.140000e+00	1.139513e-151	2.947126e-158	1.139513e-151	5.194183e-153	8.700021e-153
1.160000e+00	2.767227e-153	3.248190e-160	2.767227e-153	1.852624e-155	8.596263e-156
1.180000e+00	7.834479e-157	1.153141e-163	7.834480e-157	3.358787e-158	1.935174e-158
1.200000e+00	7.872539e-159	7.385909e-166	7.872540e-159	3.323323e-161	7.011572e-161
1.220000e+00	1.796820e-162	5.599218e-169	1.796821e-162	7.262569e-164	1.291437e-163
1.240000e+00	4.027133e-164	1.930933e-171	4.027133e-164	2.680141e-166	1.259172e-166
1.260000e+00	1.167076e-167	2.018993e-174	1.167076e-167	4.966717e-169	2.727057e-169
1.280000e+00	1.134679e-169	3.626386e-177	1.134679e-169	4.845605e-172	1.017268e-171
1.300000e+00	2.834211e-173	6.761264e-180	2.834212e-173	1.028466e-174	1.904589e-174
1.320000e+00	5.838812e-175	1.921128e-182	5.838812e-175	3.886381e-177	1.839820e-177
1.340000e+00	1.751181e-178	2.300474e-185	1.751181e-178	7.306130e-180	3.877477e-180
1.360000e+00	1.635632e-180	4.939298e-188	1.635632e-180	7.059067e-183	1.477552e-182
1.380000e+00	4.509533e-184	9.395311e-191	4.509534e-184	1.467472e-185	2.797078e-185
1.400000e+00	8.444235e-186	1.634527e-193	8.444235e-186	5.642030e-188	2.684432e-188
1.420000e+00	2.642370e-189	3.608932e-196	2.642370e-189	1.071217e-190	5.551107e-191
1.440000e+00	2.356676e-191	4.945284e-199	2.356676e-191	1.028380e-193	2.147247e-193
1.460000e+00	7.170456e-195	1.102865e-201	7.170457e-195	2.105702e-196	4.096584e-196
1.480000e+00	1.218679e-196	2.268176e-204	1.218679e-196	8.197986e-199	3.913712e-199
1.500000e+00	4.001749e-200	3.442961e-207	4.001749e-200	1.567344e-201	7.981333e-202
1.520000e+00	3.390664e-202	8.209682e-210	3.390664e-202	1.497762e-204	3.121587e-204
1.540000e+00	1.144047e-205	1.463230e-212	1.144047e-205	3.032250e-207	5.989433e-207
1.560000e+00	1.756271e-207	3.824796e-215	1.756271e-207	1.191512e-209	5.703794e-210
1.580000e+00	6.094782e-211	4.990444e-218	6.094783e-211	2.289742e-212	1.151235e-212
1.600000e+00	4.873573e-213	1.269213e-220	4.873573e-213	2.180536e-215	4.539713e-215
1.620000e+00	1.823415e-216	1.977498e-223	1.823415e-216	4.379255e-218	8.745497e-218
1.640000e+00	2.526424e-218	4.693729e-226	2.526424e-218	1.732562e-220	8.308027e-221
1.660000e+00	9.293498e-222	6.274078e-229	9.293498e-222	3.341322e-223	1.664663e-223
1.680000e+00	6.998995e-224	2.344329e-231	6.998995e-224	3.174955e-226	6.602941e-226
1.700000e+00	2.912291e-227	1.988002e-234	2.912291e-227	6.337698e-229	1.275746e-228
1.720000e+00	3.626581e-229	9.020299e-237	3.626581e-229	2.520008e-231	1.209642e-231
1.740000e+00	1.416277e-232	8.094770e-240	1.416277e-232	4.872765e-234	2.410630e-234
1.760000e+00	1.004400e-234	3.532936e-242	1.004401e-234	4.620111e-237	9.606192e-237
1.780000e+00	4.653908e-238	3.536505e-245	4.653908e-238	9.180988e-240	1.860221e-239
1.800000e+00	5.199828e-240	1.079024e-247	5.199829e-240	3.665655e-242	1.760861e-242
1.820000e+00	2.164656e-243	1.432185e-250	2.164656e-243	7.104007e-245	3.494403e-245
1.840000e+00	1.438095e-245	3.199276e-253	1.438095e-245	6.723750e-248	1.397594e-247
1.860000e+00	7.403519e-249	5.412147e-256	7.403519e-249	1.331472e-250	2.711359e-250
1.880000e+00	7.447929e-251	1.242630e-258	7.447929e-251	5.332676e-253	2.563338e-253
1.900000e+00	3.314002e-254	1.982475e-261	3.314002e-254	1.035035e-255	5.070438e-256
1.920000e+00	2.056128e-256	5.888359e-264	2.056128e-256	9.787410e-259	2.033305e-258
1.940000e+00	1.175892e-259	6.342181e-267	1.175892e-259	1.932635e-261	3.950033e-261
1.960000e+00	1.065010e-261	1.598209e-269	1.065010e-261	7.758715e-264	3.731190e-264
1.980000e+00	5.077856e-265	1.855866e-272	5.077856e-265	1.507733e-266	7.360967e-267
2.000000e+00	2.937765e-267	9.223590e-275	2.937765e-267	1.424123e-269	2.958779e-269
2.020000e+00	1.863792e-270	7.775664e-278	1.863792e-270	2.805850e-272	5.753668e-272
2.040000e+00	1.520498e-272	3.240302e-280	1.520498e-272	1.128841e-274	5.430035e-275
2.060000e+00	7.779016e-276	4.071655e-283	7.779016e-276	2.196019e-277	1.069143e-277
2.080000e+00	4.193409e-278	1.104838e-285	4.193409e-278	2.072615e-280	4.304864e-280
2.100000e+00	2.944715e-281	1.524739e-288	2.944715e-281	4.076369e-283	8.378952e-283
2.120000e+00	2.167429e-283	4.175344e-291	2.167429e-283	1.642414e-285	7.903194e-286
2.140000e+00	1.193194e-286	6.198452e-294	1.193194e-286	3.197446e-288	1.553755e-288
2.160000e+00	5.975914e-289	1.631063e-296	5.975914e-289	3.015721e-291	6.264323e-291
2.180000e+00	4.640751e-292	2.207946e-299	4.640751e-292	5.924514e-294	1.219970e-293
2.200000e+00	3.086109e-294	6.029310e-302	3.086109e-294	2.389837e-296	1.150096e-296
2.220000e+00	1.827442e-297	9.676953e-305	1.827442e-297	4.655340e-299	2.258187e-299
2.240000e+00	8.501979e-300	2.623274e-307	8.501979e-300	4.388186e-302	9.115169e-302
2.260000e+00	7.298397e-303	4.175983e-310	7.298398e-303	8.611951e-305	1.776214e-304
2.280000e+00	4.386340e-305	7.259174e-313	4.386340e-305	3.477517e-307	1.673444e-307
2.300000e+00	2.796829e-308	1.756345e-315	2.796829e-308	6.777853e-310	3.283184e-310
2.320000e+00	1.208392e-310	2.353289e-318	1.208392e-310	6.384983e-313	1.326363e-312
2.340000e+00	1.142855e-313	7.633314e-321	1.142855e-313	1.251956e-315	2.586031e-315
2.360000e+00	6.220701e-316	4.940656e-324	6.220702e-316	5.060383e-318	2.435057e-318
2.380000e+00	6.694590e-320	0.000000e+00	6.694590e-320	9.856610e-321	4.762793e-321
2.400000e+00	0.000000e+00	0.000000e+00	0.000000e+00	0.000000e+00	9.881313e-324
2.420000e+00	0.000000e+00	0.000000e+00	0.000000e+00	0.000000e+00	0.000000e+00
2.440000e+00	0.000000e+00	0.000000e+00	0.000000e+00	0.000000e+00	0.000000e+00
2.460000e+00	0.000000e+00	0.000000e+00	0.000000e+00	0.000000e+00	0.000000e+00
2.480000e+00	0.000000e+00	0.000000e+00	0.000000e+00	0.000000e+00	0.000000e+00
2.500000e+00	0.000000e+00	0.000000e+00	0.000000e+00	0.000000e+00	0.000000e+00
2.520000e+00	0.000000e+00	0.000000e+00	0.000000e+00	0.000000e+00	0.000000e+00
2.540000e+00	0.000000e+00	0.000000e+00	0.000000e+00	0.000000e+00	0.000000e+00
2.560000e+00	0.000000e+00	0.000000e+00	0.000000e+00	0.000000e+00	0.000000e+00
2.580000e+00	0.000000e+00	0.000000e+00	0.000000e+00	0.000000e+00	0.000000e+00
2.600000e+00	0.000000e+00	0.000000e+00	0.000000e+00	0.000000e+00	0.000000e+00
2.620000e+00	0.000000e+00	0.000000e+00	0.000000e+00	0.000000e+00	0.000000e+00
2.640000e+00	0.000000e+00	0.000000e+00	0.000000e+00	0.000000e+00	0.000000e+00
2.660000e+00	0.000000e+00	0.000000e+00	0.000000e+00	0.000000e+00	0.000000e+00
2.680000e+00	0.000000e+00	0.000000e+00	0.000000e+00	0.000000e+00	0.000000e+00
2.700000e+00	0.000000e+00	0.000000e+00	0.000000e+00	0.000000e+00	0.000000e+00
2.720000e+00	0.000000e+00	0.000000e+00	0.000000e+00	0.000000e+00	0.000000e+00
2.740000e+00	0.000000e+00	0.000000e+00	0.000000e+00	0.000000e+00	0.000000e+00
2.760000e+00	0.000000e+00	0.000000e+00	0.000000e+00	0.000000e+00	0.000000e+00
2.780000e+00	0.000000e+00	0.000000e+00	0.000000e+00	0.000000e+00	0.000000e+00
2.800000e+00	0.000000e+00	0.000000e+00	0.000000e+00	0.000000e+00	0.000000e+00
2.820000e+00	0.000000e+00	0.000000e+00	0.000000e+00	0.000000e+00	0.000000e+00
2.840000e+00	0.000000e+00	0.000000e+00	0.000000e+00	0.000000e+00	0.000000e+00
2.860000e+00	0.000000e+00	0.000000e+00	0.000000e+00	0.000000e+00	0.000000e+00
2.880000e+00	0.000000e+00	0.000000e+00	0.000000e+00	0.000000e+00	0.000000e+00
2.900000e+00	0.000000e+00	0.000000e+00	0.000000e+00	0.000000e+00	0.000000e+00
2.920000e+00	0.000000e+00	0.000000e+00	0.000000e+00	0.000000e+00	0.000000e+00
2.940000e+00	0.000000e+00	0.000000e+00	0.000000e+00	0.000000e+00	0.000000e+00
2.960000e+00	0.000000e+00	0.000000e+00	0.000000e+00	0.000000e+00	0.000000e+00
2.980000e+00	0.000000e+00	0.000000e+00	0.000000e+00	0.000000e+00	0.000000e+00
3.000000e+00	0.000000e+00	0.000000e+00	0.000000e+00	0.000000e+00	0.000000e+00
3.020000e+00	0.000000e+00	0.000000e+00	0.000000e+00	0.000000e+00	0.000000e+00
3.040000e+00	0.000000e+00	0.000000e+00	0.000000e+00	0.000000e+00	0.000000e+00
3.060000e+00	0.000000e+00	0.000000e+00	0.000000e+00	0.000000e+00	0.000000e+00
3.080000e+00	0.000000e+00	0.000000e+00	0.000000e+00	0.000000e+00	0.000000e+00
3.100000e+00	0.000000e+00	0.000000e+00	0.000000e+00	0.000000e+00	0.000000e+00
3.120000e+00	0.000000e+00	0.000000e+00	0.000000e+00	0.000000e+00	0.000000e+00
3.140000e+00	0.000000e+00	0.000000e+00	0.000000e+00	0.000000e+00	0.000000e+00
3.160000e+00	0.000000e+00	0.000000e+00	0.000000e+00	0.000000e+00	0.000000e+00
3.180000e+00	0.000000e+00	0.000000e+00	0.000000e+00	0.000000e+00	0.000000e+00
3.200000e+00	0.000000e+00	0.000000e+00	0.000000e+00	0.000000e+00	0.000000e+00
3.220000e+00	0.000000e+00	0.000000e+00	0.000000e+00	0.000000e+00	0.000000e+00
3.240000e+00	0.000000e+00	0.000000e+00	0.000000e+00	0.000000e+00	0.000000e+00
3.260000e+00	0.000000e+00	0.000000e+00	0.000000e+00	0.000000e+00	0.000000e+00
3.280000e+00	0.000000e+00	0.000000e+00	0.000000e+00	0.000000e+00	0.000000e+00
3.300000e+00	0.000000e+00	0.000000e+00	0.000000e+00	0.000000e+00	0.000000e+00
3.320000e+00	0.000000e+00	0.000000e+00	0.000000e+00	0.000000e+00	0.000000e+00
3.340000e+00	0.000000e+00	0.000000e+00	0.000000e+00	0.000000e+00	0.000000e+00
3.360000e+00	0.000000e+00	0.000000e+00	0.000000e+00	0.000000e+00	0.000000e+00
3.380000e+00	0.000000e+00	0.000000e+00	0.000000e+00	0.000000e+00	0.000000e+00
3.400000e+00	0.000000e+00	0.000000e+00	0.000000e+00	0.000000e+00	0.000000e+00
3.420000e+00	0.000000e+00	0.000000e+00	0.000000e+00	0.000000e+00	0.000000e+00
3.440000e+00	0.000000e+00	0.000000e+00	0.000000e+00	0.000000e+00	0.000000e+00
3.460000e+00	0.000000e+00	0.000000e+00	0.000000e+00	0.000000e+00	0.000000e+00
3.480000e+00	0.000000e+00	0.000000e+00	0.000000e+00	0.000000e+00	0.000000e+00
3.500000e+00	0.000000e+00	0.000000e+00	0.000000e+00	0.000000e+00	0.000000e+00
3.520000e+00	0.000000e+00	0.000000e+00	0.000000e+00	0.000000e+00	0.000000e+00
3.540000e+00	0.000000e+00	0.000000e+00	0.000000e+00	0.000000e+00	0.000000e+00
3.560000e+00	0.000000e+00	0.000000e+00	0.000000e+00	0.000000e+00	0.000000e+00
3.580000e+00	0.000000e+00	0.000000e+00	0.000000e+00	0.000000e+00	0.000000e+00
3.600000e+00	0.000000e+00	0.000000e+00	0.000000e+00	0.000000e+00	0.000000e+00
3.620000e+00	0.000000e+00	0.000000e+00	0.000000e+00	0.000000e+00	0.000000e+00
3.640000e+00	0.000000e+00	0.000000e+00	0.000000e+00	0.000000e+00	0.000000e+00
3.660000e+00	0.000000e+00	0.000000e+00	0.000000e+00	0.000000e+00	0.000000e+00
3.680000e+00	0.000000e+00	0.000000e+00	0.000000e+00	0.000000e+00	0.000000e+00
3.700000e+00	0.000000e+00	0.000000e+00	0.000000e+00	0.000000e+00	0.000000e+00
3.720000e+00	0.000000e+00	0.000000e+00	0.000000e+00	0.000000e+00	0.000000e+00
3.740000e+00	0.000000e+00	0.000000e+00	0.000000e+00	0.000000e+00	0.000000e+00
3.760000e+00	0.000000e+00	0.000000e+00	0.000000e+00	0.000000e+00	0.000000e+00
3.780000e+00	0.000000e+00	0.000000e+00	0.000000e+00	0.000000e+00	0.000000e+00
3.800000e+00	0.000000e+00	0.000000e+00	0.000000e+00	0.000000e+00	0.000000e+00
3.820000e+00	0.000000e+00	0.000000e+00	0.000000e+00	0.000000e+00	0.000000e+00
3.840000e+00	0.000000e+00	0.000000e+00	0.000000e+00	0.000000e+00	0.000000e+00
3.860000e+00	0.000000e+00	0.000000e+00	0.000000e+00	0.000000e+00	0.000000e+00
3.880000e+00	0.000000e+00	0.000000e+00	0.000000e+00	0.000000e+00	0.000000e+00
3.900000e+00	0.000000e+00	0.000000e+00	0.000000e+00	0.000000e+00	0.000000e+00
3.920000e+00	0.000000e+00	0.000000e+00	0.000000e+00	0.000000e+00	0.000000e+00
3.940000e+00	0.000000e+00	0.000000e+00	0.000000e+00	0.000000e+00	0.000000e+00
3.960000e+00	0.000000e+00	0.000000e+00	0.000000e+00	0.000000e+00	0.000000e+00
3.980000e+00	0.000000e+00	0.000000e+00	0.000000e+00	0.000000e+00	0.000000e+00
4.000000e+00	0.000000e+00	0.000000e+00	0.000000e+00	0.000000e+00	0.000000e+00
4.020000e+00	0.000000e+00	0.000000e+00	0.000000e+00	0.000000e+00	0.000000e+00
4.040000e+00	0.000000e+00	0.000000e+00	0.000000e+00	0.000000e+00	0.000000e+00
4.060000e+00	0.000000e+00	0.000000e+00	0.000000e+00	0.000000e+00	0.000000e+00
4.080000e+00	0.000000e+00	0.000000e+00	0.000000e+00	0.000000e+00	0.000000e+00
4.100000e+00	0.000000e+00	0.000000e+00	0.000000e+00	0.000000e+00	0.000000e+00
4.120000e+00	0.000000e+00	0.000000e+00	0.000000e+00	0.000000e+00	0.000000e+00
4.140000e+00	0.000000e+00	0.000000e+00	0.000000e+00	0.000000e+00	0.000000e+00
4.160000e+00	0.000000e+00	0.000000e+00	0.000000e+00	0.000000e+00	0.000000e+00
4.180000e+00	0.000000e+00	0.000000e+00	0.000000e+00	0.000000e+00	0.000000e+00
4.200000e+00	0.000000e+00	0.000000e+00	0.000000e+00	0.000000e+00	0.000000e+00
4.220000e+00	0.000000e+00	0.000000e+00	0.000000e+00	0.000000e+00	0.000000e+00
4.240000e+00	0.000000e+00	0.000000e+00	0.000000e+00	0.000000e+00	0.000000e+00
4.260000e+00	0.000000e+00	0.000000e+00	0.000000e+00	0.000000e+00	0.000000e+00
4.280000e+00	0.000000e+00	0.000000e+00	0.000000e+00	0.000000e+00	0.000000e+00
4.300000e+00	0.000000e+00	0.000000e+00	0.000000e+00	0.000000e+00	0.000000e+00
4.320000e+00	0.000000e+00	0.000000e+00	0.000000e+00	0.000000e+00	0.000000e+00
4.340000e+00	0.000000e+00	0.000000e+00	0.000000e+00	0.000000e+00	0.000000e+00
4.360000e+00	0.000000e+00	0.000000e+00	0.000000e+00	0.000000e+00	0.000000e+00
4.380000e+00	0.000000e+00	0.000000e+00	0.000000e+00	0.000000e+00	0.000000e+00
4.400000e+00	0.000000e+00	0.000000e+00	0.000000e+00	0.000000e+00	0.000000e+00
4.420000e+00	0.000000e+00	0.000000e+00	0.000000e+00	0.000000e+00	0.000000e+00
4.440000e+00	0.000000e+00	0.000000e+00	0.000000e+00	0.000000e+00	0.000000e+00
4.460000e+00	0.000000e+00	0.000000e+00	0.000000e+00	0.000000e+00	0.000000e+00
4.480000e+00	0.000000e+00	0.000000e+00	0.000000e+00	0.000000e+00	0.000000e+00
4.500000e+00	0.000000e+00	0.000000e+00	0.000000e+00	0.000000e+00	0.000000e+00
4.520000e+00	0.000000e+00	0.000000e+00	0.000000e+00	0.000000e+00	0.000000e+00
4.540000e+00	0.000000e+00	0.000000e+00	0.000000e+00	0.000000e+00	0.000000e+00
4.560000e+00	0.000000e+00	0.000000e+00	0.000000e+00	0.000000e+00	0.000000e+00
4.580000e+00	0.000000e+00	0.000000e+00	0.000000e+00	0.000000e+00	0.000000e+00
4.600000e+00	0.000000e+00	0.000000e+00	0.000000e+00	0.000000e+00	0.000000e+00
4.620000e+00	0.000000e+00	0.000000e+00	0.000000e+00	0.000000e+00	0.000000e+00
4.640000e+00	0.000000e+00	0.000000e+00	0.000000e+00	0.000000e+00	0.000000e+00
4.660000e+00	0.000000e+00	0.000000e+00	0.000000e+00	0.000000e+00	0.000000e+00
4.680000e+00	0.000000e+00	0.000000e+00	0.000000e+00	0.000000e+00	0.000000e+00
4.700000e+00	0.000000e+00	0.000000e+00	0.000000e+00	0.000000e+00	0.000000e+00
4.720000e+00	0.000000e+00	0.000000e+00	0.000000e+00	0.000000e+00	0.000000e+00
4.740000e+00	0.000000e+00	0.000000e+00	0.000000e+00	0.000000e+00	0.000000e+00
4.760000e+00	0.000000e+00	0.000000e+00	0.000000e+00	0.000000e+00	0.000000e+00
4.780000e+00	0.000000e+00	0.000000e+00	0.000000e+00	0.000000e+00	0.000000e+00
4.800000e+00	0.000000e+00	0.000000e+00	0.000000e+00	0.000000e+00	0.000000e+00
4.820000e+00	0.000000e+00	0.000000e+00	0.000000e+00	0.000000e+00	0.000000e+00
4.840000e+00	0.000000e+00	0.000000e+00	0.000000e+00	0.000000e+00	0.000000e+00
4.860000e+00	0.000000e+00	0.000000e+00	0.000000e+00	0.000000e+00	0.000000e+00
4.880000e+00	0.000000e+00	0.000000e+00	0.000000e+00	0.000000e+00	0.000000e+00
4.900000e+00	0.000000e+00	0.000000e+00	0.000000e+00	0.000000e+00	0.000000e+00
4.920000e+00	0.000000e+00	0.000000e+00	0.000000e+00	0.000000e+00	0.000000e+00
4.940000e+00	0.000000e+00	0.000000e+00	0.000000e+00	0.000000e+00	0.000000e+00
4.960000e+00	0.000000e+00	0.000000e+00	0.000000e+00	0.000000e+00	0.000000e+00
4.980000e+00	0.000000e+00	0.000000e+00	0.000000e+00	0.000000e+00	0.000000e+00
5.000000e+00	0.000000e+00	0.000000e+00	0.000000e+00	0.000000e+00	0.000000e+00
5.020000e+00	0.000000e+00	0.000000e+00	0.000000e+00	0.000000e+00	0.000000e+00
5.040000e+00	0.000000e+00	0.000000e+00	0.000000e+00	0.000000e+00	0.000000e+00
5.060000e+00	0.000000e+00	0.000000e+00	0.000000e+00	0.000000e+00	0.000000e+00
5.080000e+00	0.000000e+00	0.000000e+00	0.000000e+00	0.000000e+00	0.000000e+00
5.100000e+00	0.000000e+00	0.000000e+00	0.000000e+00	0.000000e+00	0.000000e+00
5.120000e+00	0.000000e+00	0.000000e+00	0.000000e+00	0.000000e+00	0.000000e+00
5.140000e+00	0.000000e+00	0.000000e+00	0.000000e+00	0.000000e+00	0.000000e+00
5.160000e+00	0.000000e+00	0.000000e+00	0.000000e+00	0.000000e+00	0.000000e+00
5.180000e+00	0.000000e+00	0.000000e+00	0.000000e+00	0.000000e+00	0.000000e+00
5.200000e+00	0.000000e+00	0.000000e+00	0.000000e+00	0.000000e+00	0.000000e+00
5.220000e+00	0.000000e+00	0.000000e+00	0.000000e+00	0.000000e+00	0.000000e+00
5.240000e+00	0.000000e+00	0.000000e+00	0.000000e+00	0.000000e+00	0.000000e+00
5.260000e+00	0.000000e+00	0.000000e+00	0.000000e+00	0.000000e+00	0.000000e+00
5.280000e+00	0.000000e+00	0.000000e+00	0.000000e+00	0.000000e+00	0.000000e+00
5.300000e+00	0.000000e+00	0.000000e+00	0.000000e+00	0.000000e+00	0.000000e+00
5.320000e+00	0.000000e+00	0.000000e+00	0.000000e+00	0.000000e+00	0.000000e+00
5.340000e+00	0.000000e+00	0.000000e+00	0.000000e+00	0.000000e+00	0.000000e+00
5.360000e+00	0.000000e+00	0.000000e+00	0.000000e+00	0.000000e+00	0.000000e+00
5.380000e+00	0.000000e+00	0.000000e+00	0.000000e+00	0.000000e+00	0.000000e+00
5.400000e+00	0.000000e+00	0.000000e+00	0.000000e+00	0.000000e+00	0.000000e+00
5.420000e+00	0.000000e+00	0.000000e+00	0.000000e+00	0.000000e+00	0.000000e+00
5.440000e+00	0.000000e+00	0.000000e+00	0.000000e+00	0.000000e+00	0.000000e+00
5.460000e+00	0.000000e+00	0.000000e+00	0.000000e+00	0.000000e+00	0.000000e+00
5.480000e+00	0.000000e+00	0.000000e+00	0.000000e+00	0.000000e+00	0.000000e+00
5.500000e+00	0.000000e+00	0.000000e+00	0.000000e+00	0.000000e+00	0.000000e+00
5.520000e+00	0.000000e+00	0.000000e+00	0.000000e+00	0.000000e+00	0.000000e+00
5.540000e+00	0.000000e+00	0.000000e+00	0.000000e+00	0.000000e+00	0.000000e+00
5.560000e+00	0.000000e+00	0.000000e+00	0.000000e+00	0.000000e+00	0.000000e+00
5.580000e+00	0.000000e+00	0.000000e+00	0.000000e+00	0.000000e+00	0.000000e+00
5.600000e+00	0.000000e+00	0.000000e+00	0.000000e+00	0.000000e+00	0.000000e+00
5.620000e+00	0.000000e+00	0.000000e+00	0.000000e+00	0.000000e+00	0.000000e+00
5.640000e+00	0.000000e+00	0.000000e+00	0.000000e+00	0.000000e+00	0.000000e+00
5.660000e+00	0.000000e+00	0.000000e+00	0.000000e+00	0.000000e+00	0.000000e+00
5.680000e+00	0.000000e+00	0.000000e+00	0.000000e+00	0.000000e+00	0.000000e+00
5.700000e+00	0.000000e+00	0.000000e+00	0.000000e+00	0.000000e+00	0.000000e+00
5.720000e+00	0.000000e+00	0.000000e+00	0.000000e+00	0.000000e+00	0.000000e+00
5.740000e+00	0.000000e+00	0.000000e+00	0.000000e+00	0.000000e+00	0.000000e+00
5.760000e+00	0.000000e+00	0.000000e+00	0.000000e+00	0.000000e+00	0.000000e+00
5.780000e+00	0.000000e+00	0.000000e+00	0.000000e+00	0.000000e+00	0.000000e+00
5.800000e+00	0.000000e+00	0.000000e+00	0.000000e+00	0.000000e+00	0.000000e+00
5.820000e+00	0.000000e+00	0.000000e+00	0.000000e+00	0.000000e+00	0.000000e+00
5.840000e+00	0.000000e+00	0.000000e+00	0.000000e+00	0.000000e+00	0.000000e+00
5.860000e+00	0.000000e+00	0.000000e+00	0.000000e+00	0.000000e+00	0.000000e+00
5.880000e+00	0.000000e+00	0.000000e+00	0.000000e+00	0.000000e+00	0.000000e+00
5.900000e+00	0.000000e+00	0.000000e+00	0.000000e+00	0.000000e+00	0.000000e+00
5.920000e+00	0.000000e+00	0.000000e+00	0.000000e+00	0.000000e+00	0.000000e+00
5.940000e+00	0.000000e+00	0.000000e+00	0.000000e+00	0.000000e+00	0.000000e+00
5.960000e+00	0.000000e+00	0.000000e+00	0.000000e+00	0.000000e+00	0.000000e+00
5.980000e+00	0.000000e+00	0.000000e+00	0.000000e+00	0.000000e+00	0.000000e+00
6.000000e+00	0.000000e+00	0.000000e+00	0.000000e+00	0.000000e+00	0.000000e+00
6.020000e+00	0.000000e+00	0.000000e+00	0.000000e+00	0.000000e+00	0.000000e+00
6.040000e+00	0.000000e+00	0.000000e+00	0.000000e+00	0.000000e+00	0.000000e+00
6.060000e+00	0.000000e+00	0.000000e+00	0.000000e+00	0.000000e+00	0.000000e+00
6.080000e+00	0.000000e+00	0.000000e+00	0.000000e+00	0.000000e+00	0.000000e+00
6.100000e+00	0.000000e+00	0.000000e+00	0.000000e+00	0.000000e+00	0.000000e+00
6.120000e+00	0.000000e+00	0.000000e+00	0.000000e+00	0.000000e+00	0.000000e+00
6.140000e+00	0.000000e+00	0.000000e+00	0.000000e+00	0.000000e+00	0.000000e+00
6.160000e+00	0.000000e+00	0.000000e+00	0.000000e+00	0.000000e+00	0.000000e+00
6.180000e+00	0.000000e+00	0.000000e+00	0.000000e+00	0.000000e+00	0.000000e+00
6.200000e+00	0.000000e+00	0.000000e+00	0.000000e+00	0.000000e+00	0.000000e+00
6.220000e+00	0.000000e+00	0.000000e+00	0.000000e+00	0.000000e+00	0.000000e+00
6.240000e+00	0.000000e+00	0.000000e+00	0.000000e+00	0.000000e+00	0.000000e+00
6.260000e+00	0.000000e+00	0.000000e+00	0.000000e+00	0.000000e+00	0.000000e+00
6.280000e+00	0.000000e+00	0.000000e+00	0.000000e+00	0.000000e+00	0.000000e+00
6.300000e+00	0.000000e+00	0.000000e+00	0.000000e+00	0.000000e+00	0.000000e+00
6.320000e+00	0.000000e+00	0.000000e+00	0.000000e+00	0.000000e+00	0.000000e+00
6.340000e+00	0.000000e+00	0.000000e+00	0.000000e+00	0.000000e+00	0.000000e+00
6.360000e+00	0.000000e+00	0.000000e+00	0.000000e+00	0.000000e+00	0.000000e+00
6.380000e+00	0.000000e+00	0.000000e+00	0.000000e+00	0.000000e+00	0.000000e+00
6.400000e+00	0.000000e+00	0.000000e+00	0.000000e+00	0.000000e+00	0.000000e+00
6.420000e+00	0.000000e+00	0.000000e+00	0.000000e+00	0.000000e+00	0.000000e+00
6.440000e+00	0.000000e+00	0.000000e+00	0.000000e+00	0.000000e+00	0.000000e+00
6.460000e+00	0.000000e+00	0.000000e+00	0.000000e+00	0.000000e+00	0.000000e+00
6.480000e+00	0.000000e+00	0.000000e+00	0.000000e+00	0.000000e+00	0.000000e+00
6.500000e+00	0.000000e+00	0.000000e+00	0.000000e+00	0.000000e+00	0.000000e+00
6.520000e+00	0.000000e+00	0.000000e+00	0.000000e+00	0.000000e+00	0.000000e+00
6.540000e+00	0.000000e+00	0.000000e+00	0.000000e+00	0.000000e+00	0.000000e+00
6.560000e+00	0.000000e+00	0.000000e+00	0.000000e+00	0.000000e+00	0.000000e+00
6.580000e+00	0.000000e+00	0.000000e+00	0.000000e+00	0.000000e+00	0.000000e+00
6.600000e+00	0.000000e+00	0.000000e+00	0.000000e+00	0.000000e+00	0.000000e+00
6.620000e+00	0.000000e+00	0.000000e+00	0.000000e+00	0.000000e+00	0.000000e+00
6.640000e+00	0.000000e+00	0.000000e+00	0.000000e+00	0.000000e+00	0.000000e+00
6.660000e+00	0.000000e+00	0.000000e+00	0.000000e+00	0.000000e+00	0.000000e+00
6.680000e+00	0.000000e+00	0.000000e+00	0.000000e+00	0.000000e+00	0.000000e+00
6.700000e+00	0.000000e+00	0.000000e+00	0.000000e+00	0.000000e+00	0.000000e+00
6.720000e+00	0.000000e+00	0.000000e+00	0.000000e+00	0.000000e+00	0.000000e+00
6.740000e+00	0.000000e+00	0.000000e+00	0.000000e+00	0.000000e+00	0.000000e+00
6.760000e+00	0.000000e+00	0.000000e+00	0.000000e+00	0.000000e+00	0.000000e+00
6.780000e+00	0.000000e+00	0.000000e+00	0.000000e+00	0.000000e+00	0.000000e+00
6.800000e+00	0.000000e+00	0.000000e+00	0.000000e+00	0.000000e+00	0.000000e+00
6.820000e+00	0.000000e+00	0.000000e+00	0.000000e+00	0.000000e+00	0.000000e+00
6.840000e+00	0.000000e+00	0.000000e+00	0.000000e+00	0.000000e+00	0.000000e+00
6.860000e+00	0.000000e+00	0.000000e+00	0.000000e+00	0.000000e+00	0.000000e+00
6.880000e+00	0.000000e+00	0.000000e+00	0.000000e+00	0.000000e+00	0.000000e+00
6.900000e+00	0.000000e+00	0.000000e+00	0.000000e+00	0.000000e+00	0.000000e+00
6.920000e+00	0.000000e+00	0.000000e+00	0.000000e+00	0.000000e+00	0.000000e+00
6.940000e+00	0.000000e+00	0.000000e+00	0.000000e+00	0.000000e+00	0.000000e+00
6.960000e+00	0.000000e+00	0.000000e+00	0.000000e+00	0.000000e+00	0.000000e+00
6.980000e+00	0.000000e+00	0.000000e+00	0.000000e+00	0.000000e+00	0.000000e+00
7.000000e+00	0.000000e+00	0.000000e+00	0.000000e+00	0.000000e+00	0.000000e+00
7.020000e+00	0.000000e+00	0.000000e+00	0.000000e+00	0.000000e+00	0.000000e+00
7.040000e+00	0.000000e+00	0.000000e+00	0.000000e+00	0.000000e+00	0.000000e+00
7.060000e+00	0.000000e+00	0.000000e+00	0.000000e+00	0.000000e+00	0.000000e+00
7.080000e+00	0.000000e+00	0.000000e+00	0.000000e+00	0.000000e+00	0.000000e+00
7.100000e+00	0.000000e+00	0.000000e+00	0.000000e+00	0.000000e+00	0.000000e+00
7.120000e+00	0.000000e+00	0.000000e+00	0.000000e+00	0.000000e+00	0.000000e+00
7.140000e+00	0.000000e+00	0.000000e+00	0.000000e+00	0.000000e+00	0.000000e+00
7.160000e+00	0.000000e+00	0.000000e+00	0.000000e+00	0.000000e+00	0.000000e+00
7.180000e+00	0.000000e+00	0.000000e+00	0.000000e+00	0.000000e+00	0.000000e+00
7.200000e+00	0.000000e+00	0.000000e+00	0.000000e+00	0.000000e+00	0.000000e+00
7.220000e+00	0.000000e+00	0.000000e+00	0.000000e+00	0.000000e+00	0.000000e+00
7.240000e+00	0.000000e+00	0.000000e+00	0.000000e+00	0.000000e+00	0.000000e+00
7.260000e+00	0.000000e+00	0.000000e+00	0.000000e+00	0.000000e+00	0.000000e+00
7.280000e+00	0.000000e+00	0.000000e+00	0.000000e+00	0.000000e+00	0.000000e+00
7.300000e+00	0.000000e+00	0.000000e+00	0.000000e+00	0.000000e+00	0.000000e+00
7.320000e+00	0.000000e+00	0.000000e+00	0.000000e+00	0.000000e+00	0.000000e+00
7.340000e+00	0.000000e+00	0.000000e+00	0.000000e+00	0.000000e+00	0.000000e+00
7.360000e+00	0.000000e+00	0.000000e+00	0.000000e+00	0.000000e+00	0.000000e+00
7.380000e+00	0.000000e+00	0.000000e+00	0.000000e+00	0.000000e+00	0.000000e+00
7.400000e+00	0.000000e+00	0.000000e+00	0.000000e+00	0.000000e+00	0.000000e+00
7.420000e+00	0.000000e+00	0.000000e+00	0.000000e+00	0.000000e+00	0.000000e+00
7.440000e+00	0.000000e+00	0.000000e+00	0.000000e+00	0.000000e+00	0.000000e+00
7.460000e+00	0.000000e+00	0.000000e+00	0.000000e+00	0.000000e+00	0.000000e+00
7.480000e+00	0.000000e+00	0.000000e+00	0.000000e+00	0.000000e+00	0.000000e+00
7.500000e+00	0.000000e+00	0.000000e+00	0.000000e+00	0.000000e+00	0.000000e+00
7.520000e+00	0.000000e+00	0.000000e+00	0.000000e+00	0.000000e+00	0.000000e+00
7.540000e+00	0.000000e+00	0.000000e+00	0.000000e+00	0.000000e+00	0.000000e+00
7.560000e+00	0.000000e+00	0.000000e+00	0.000000e+00	0.000000e+00	0.000000e+00
7.580000e+00	0.000000e+00	0.000000e+00	0.000000e+00	0.000000e+00	0.000000e+00
7.600000e+00	0.000000e+00	0.000000e+00	0.000000e+00	0.000000e+00	0.000000e+00
7.620000e+00	0.000000e+00	0.000000e+00	0.000000e+00	0.000000e+00	0.000000e+00
7.640000e+00	0.000000e+00	0.000000e+00	0.000000e+00	0.000000e+00	0.000000e+00
7.660000e+00	0.000000e+00	0.000000e+00	0.000000e+00	0.000000e+00	0.000000e+00
7.680000e+00	0.000000e+00	0.000000e+00	0.000000e+00	0.000000e+00	0.000000e+00
7.700000e+00	0.000000e+00	0.000000e+00	0.000000e+00	0.000000e+00	0.000000e+00
7.720000e+00	0.000000e+00	0.000000e+00	0.000000e+00	0.000000e+00	0.000000e+00
7.740000e+00	0.000000e+00	0.000000e+00	0.000000e+00	0.000000e+00	0.000000e+00
7.760000e+00	0.000000e+00	0.000000e+00	0.000000e+00	0.000000e+00	0.000000e+00
7.780000e+00	0.000000e+00	0.000000e+00	0.000000e+00	0.000000e+00	0.000000e+00
7.800000e+00	0.000000e+00	0.000000e+00	0.000000e+00	0.000000e+00	0.000000e+00
7.820000e+00	0.000000e+00	0.000000e+00	0.000000e+00	0.000000e+00	0.000000e+00
7.840000e+00	0.000000e+00	0.000000e+00	0.000000e+00	0.000000e+00	0.000000e+00
7.860000e+00	0.000000e+00	0.000000e+00	0.000000e+00	0.000000e+00	0.000000e+00
7.880000e+00	0.000000e+00	0.000000e+00	0.000000e+00	0.000000e+00	0.000000e+00
7.900000e+00	0.000000e+00	0.000000e+00	0.000000e+00	0.000000e+00	0.000000e+00
7.920000e+00	0.000000e+00	0.000000e+00	0.000000e+00	0.000000e+00	0.000000e+00
7.940000e+00	0.000000e+00	0.000000e+00	0.000000e+00	0.000000e+00	0.000000e+00
7.960000e+00	0.000000e+00	0.000000e+00	0.000000e+00	0.000000e+00	0.000000e+00
7.980000e+00	0.000000e+00	0.000000e+00	0.000000e+00	0.000000e+00	0.000000e+00
8.000000e+00	0.000000e+00	0.000000e+00	0.000000e+00	0.000000e+00	0.000000e+00
