2.000000e-02 4.974261e+00 1.625545e-04 4.974424e+00
4.000000e-02 4.974125e+00 1.649083e-04 4.974290e+00
6.000000e-02 4.973866e+00 1.776683e-04 4.974044e+00
8.000000e-02 4.974311e+00 1.902911e-04 4.974502e+00
1.000000e-01 4.973945e+00 1.991710e-04 4.974144e+00
1.200000e-01 4.973950e+00 2.086128e-04 4.974159e+00
1.400000e-01 4.974273e+00 2.223805e-04 4.974496e+00
1.600000e-01 4.973801e+00 2.374987e-04 4.974039e+00
1.800000e-01 4.974053e+00 2.512587e-04 4.974304e+00
2.000000e-01 4.974142e+00 2.674678e-04 4.974410e+00
2.200000e-01 4.973720e+00 2.885916e-04 4.974008e+00
2.400000e-01 4.974119e+00 3.116854e-04 4.974430e+00
2.600000e-01 4.973939e+00 3.357172e-04 4.974274e+00
2.800000e-01 4.973699e+00 3.626823e-04 4.974062e+00
3.000000e-01 4.974101e+00 3.939166e-04 4.974495e+00
3.200000e-01 4.973710e+00 4.283375e-04 4.974138e+00
3.400000e-01 4.973714e+00 4.644206e-04 4.974178e+00
3.600000e-01 4.973974e+00 5.035303e-04 4.974478e+00
3.800000e-01 4.973499e+00 5.473788e-04 4.974047e+00
4.000000e-01 4.973721e+00 5.944936e-04 4.974316e+00
4.200000e-01 4.973745e+00 6.439501e-04 4.974389e+00
4.400000e-01 4.973332e+00 6.974467e-04 4.974030e+00
4.600000e-01 4.973671e+00 7.557144e-04 4.974427e+00
4.800000e-01 4.973443e+00 8.180432e-04 4.974261e+00
5.000000e-01 4.973205e+00 8.842360e-04 4.974089e+00
5.200000e-01 4.973522e+00 9.551243e-04 4.974477e+00
5.400000e-01 4.973109e+00 1.031892e-03 4.974141e+00
5.600000e-01 4.973086e+00 1.114204e-03 4.974200e+00
5.800000e-01 4.973251e+00 1.201364e-03 4.974452e+00
6.000000e-01 4.972773e+00 1.294816e-03 4.974068e+00
6.200000e-01 4.972927e+00 1.395549e-03 4.974322e+00
6.400000e-01 4.972864e+00 1.502748e-03 4.974367e+00
6.600000e-01 4.972446e+00 1.616769e-03 4.974062e+00
6.800000e-01 4.972677e+00 1.738781e-03 4.974416e+00
7.000000e-01 4.972385e+00 1.869255e-03 4.974254e+00
7.200000e-01 4.972114e+00 2.008534e-03 4.974122e+00
7.400000e-01 4.972295e+00 2.156717e-03 4.974451e+00
7.600000e-01 4.971840e+00 2.314662e-03 4.974154e+00
7.800000e-01 4.971738e+00 2.483825e-03 4.974222e+00
8.000000e-01 4.971759e+00 2.663930e-03 4.974423e+00
8.200000e-01 4.971244e+00 2.855090e-03 4.974099e+00
8.400000e-01 4.971267e+00 3.059171e-03 4.974326e+00
8.600000e-01 4.971071e+00 3.276605e-03 4.974348e+00
8.800000e-01 4.970596e+00 3.507448e-03 4.974104e+00
9.000000e-01 4.970647e+00 3.753005e-03 4.974400e+00
9.200000e-01 4.970241e+00 4.013989e-03 4.974255e+00
9.400000e-01 4.969869e+00 4.291487e-03 4.974160e+00
9.600000e-01 4.969838e+00 4.586595e-03 4.974425e+00
9.800000e-01 4.969278e+00 4.899347e-03 4.974178e+00
1.000000e+00 4.969014e+00 5.231505e-03 4.974246e+00
1.020000e+00 4.968814e+00 5.584703e-03 4.974399e+00
1.040000e+00 4.968182e+00 5.958564e-03 4.974141e+00
1.060000e+00 4.967975e+00 6.354716e-03 4.974330e+00
1.080000e+00 4.967562e+00 6.775087e-03 4.974337e+00
1.100000e+00 4.966932e+00 7.219857e-03 4.974152e+00
1.120000e+00 4.966697e+00 7.690806e-03 4.974388e+00
1.140000e+00 4.966077e+00 8.189369e-03 4.974267e+00
1.160000e+00 4.965486e+00 8.716298e-03 4.974202e+00
1.180000e+00 4.965131e+00 9.274209e-03 4.974406e+00
1.200000e+00 4.964348e+00 9.863963e-03 4.974212e+00
1.220000e+00 4.963787e+00 1.048618e-02 4.974273e+00
1.240000e+00 4.963241e+00 1.114414e-02 4.974385e+00
1.260000e+00 4.962353e+00 1.183872e-02 4.974191e+00
1.280000e+00 4.961770e+00 1.257055e-02 4.974340e+00
1.300000e+00 4.960998e+00 1.334294e-02 4.974341e+00
1.320000e+00 4.960050e+00 1.415693e-02 4.974207e+00
1.340000e+00 4.959372e+00 1.501401e-02 4.974386e+00
1.360000e+00 4.958376e+00 1.591742e-02 4.974294e+00
1.380000e+00 4.957385e+00 1.686781e-02 4.974252e+00
1.400000e+00 4.956534e+00 1.786761e-02 4.974402e+00
1.420000e+00 4.955341e+00 1.892025e-02 4.974261e+00
1.440000e+00 4.954285e+00 2.002578e-02 4.974311e+00
1.460000e+00 4.953204e+00 2.118702e-02 4.974392e+00
1.480000e+00 4.951847e+00 2.240754e-02 4.974255e+00
1.500000e+00 4.950678e+00 2.368746e-02 4.974366e+00
1.520000e+00 4.949336e+00 2.502999e-02 4.974366e+00
1.540000e+00 4.947837e+00 2.643843e-02 4.974276e+00
1.560000e+00 4.946491e+00 2.791345e-02 4.974405e+00
1.580000e+00 4.944883e+00 2.945907e-02 4.974342e+00
1.600000e+00 4.943239e+00 3.107798e-02 4.974317e+00
1.620000e+00 4.941653e+00 3.277091e-02 4.974424e+00
1.640000e+00 4.939787e+00 3.454267e-02 4.974330e+00
1.660000e+00 4.937973e+00 3.639537e-02 4.974368e+00
1.680000e+00 4.936097e+00 3.832965e-02 4.974427e+00
1.700000e+00 4.933987e+00 4.035061e-02 4.974337e+00
1.720000e+00 4.931957e+00 4.246012e-02 4.974417e+00
1.740000e+00 4.929762e+00 4.465942e-02 4.974422e+00
1.760000e+00 4.927411e+00 4.695370e-02 4.974365e+00
1.780000e+00 4.925112e+00 4.934446e-02 4.974456e+00
1.800000e+00 4.922585e+00 5.183391e-02 4.974419e+00
1.820000e+00 4.919980e+00 5.442728e-02 4.974408e+00
1.840000e+00 4.917358e+00 5.712520e-02 4.974483e+00
1.860000e+00 4.914497e+00 5.993042e-02 4.974427e+00
1.880000e+00 4.911609e+00 6.284801e-02 4.974457e+00
1.900000e+00 4.908624e+00 6.587792e-02 4.974502e+00
1.920000e+00 4.905427e+00 6.902330e-02 4.974450e+00
1.940000e+00 4.902218e+00 7.228885e-02 4.974507e+00
1.960000e+00 4.898843e+00 7.567456e-02 4.974517e+00
1.980000e+00 4.895303e+00 7.918436e-02 4.974487e+00
2.000000e+00 4.891730e+00 8.282226e-02 4.974552e+00
2.020000e+00 4.887949e+00 8.658823e-02 4.974537e+00
2.040000e+00 4.884049e+00 9.048696e-02 4.974536e+00
2.060000e+00 4.880070e+00 9.452132e-02 4.974591e+00
2.080000e+00 4.875874e+00 9.869084e-02 4.974565e+00
2.100000e+00 4.871590e+00 1.030004e-01 4.974591e+00
2.120000e+00 4.867176e+00 1.074519e-01 4.974628e+00
2.140000e+00 4.862560e+00 1.120449e-01 4.974605e+00
2.160000e+00 4.857863e+00 1.167843e-01 4.974647e+00
2.180000e+00 4.852994e+00 1.216710e-01 4.974665e+00
2.200000e+00 4.847950e+00 1.267057e-01 4.974655e+00
2.220000e+00 4.842811e+00 1.318931e-01 4.974704e+00
2.240000e+00 4.837475e+00 1.372315e-01 4.974706e+00
2.260000e+00 4.831990e+00 1.427252e-01 4.974715e+00
2.280000e+00 4.826380e+00 1.483794e-01 4.974759e+00
2.300000e+00 4.820580e+00 1.541748e-01 4.974755e+00
2.320000e+00 4.814643e+00 1.601372e-01 4.974780e+00
2.340000e+00 4.808519e+00 1.662955e-01 4.974815e+00
2.360000e+00 4.802285e+00 1.725282e-01 4.974813e+00
2.380000e+00 4.795918e+00 1.789302e-01 4.974849e+00
2.400000e+00 4.789197e+00 1.856759e-01 4.974873e+00
2.420000e+00 4.782525e+00 1.923545e-01 4.974879e+00
2.440000e+00 4.775796e+00 1.991232e-01 4.974919e+00
2.460000e+00 4.768521e+00 2.064148e-01 4.974936e+00
2.480000e+00 4.761321e+00 2.136320e-01 4.974953e+00
2.500000e+00 4.754042e+00 2.209502e-01 4.974992e+00
2.520000e+00 4.746471e+00 2.285339e-01 4.975005e+00
2.540000e+00 4.738922e+00 2.361096e-01 4.975032e+00
2.560000e+00 4.730942e+00 2.441250e-01 4.975067e+00
2.580000e+00 4.722822e+00 2.522595e-01 4.975082e+00
2.600000e+00 4.714802e+00 2.603137e-01 4.975115e+00
2.620000e+00 4.706661e+00 2.684844e-01 4.975145e+00
2.640000e+00 4.698264e+00 2.768993e-01 4.975163e+00
2.660000e+00 4.689551e+00 2.856509e-01 4.975202e+00
2.680000e+00 4.680644e+00 2.945843e-01 4.975228e+00
2.700000e+00 4.671847e+00 3.034050e-01 4.975252e+00
2.720000e+00 4.663007e+00 3.122841e-01 4.975291e+00
2.740000e+00 4.654078e+00 3.212362e-01 4.975315e+00
2.760000e+00 4.644778e+00 3.305666e-01 4.975345e+00
2.780000e+00 4.635292e+00 3.400903e-01 4.975382e+00
2.800000e+00 4.625627e+00 3.497802e-01 4.975408e+00
2.820000e+00 4.616038e+00 3.594037e-01 4.975442e+00
2.840000e+00 4.606466e+00 3.690110e-01 4.975477e+00
2.860000e+00 4.596836e+00 3.786674e-01 4.975503e+00
2.880000e+00 4.587055e+00 3.884855e-01 4.975540e+00
2.900000e+00 4.577036e+00 3.985371e-01 4.975574e+00
2.920000e+00 4.566853e+00 4.087505e-01 4.975603e+00
2.940000e+00 4.556572e+00 4.190701e-01 4.975642e+00
2.960000e+00 4.546309e+00 4.293652e-01 4.975674e+00
2.980000e+00 4.536071e+00 4.396362e-01 4.975707e+00
3.000000e+00 4.525882e+00 4.498621e-01 4.975744e+00
3.020000e+00 4.515654e+00 4.601216e-01 4.975775e+00
3.040000e+00 4.505336e+00 4.704741e-01 4.975811e+00
3.060000e+00 4.494933e+00 4.809137e-01 4.975847e+00
3.080000e+00 4.484379e+00 4.915010e-01 4.975880e+00
3.100000e+00 4.473829e+00 5.020868e-01 4.975915e+00
3.120000e+00 4.463206e+00 5.127466e-01 4.975952e+00
3.140000e+00 4.452723e+00 5.232614e-01 4.975984e+00
3.160000e+00 4.442221e+00 5.338014e-01 4.976022e+00
3.180000e+00 4.431928e+00 5.441266e-01 4.976055e+00
3.200000e+00 4.421568e+00 5.545226e-01 4.976090e+00
3.220000e+00 4.411390e+00 5.647339e-01 4.976124e+00
3.240000e+00 4.401089e+00 5.750699e-01 4.976159e+00
3.260000e+00 4.390921e+00 5.852702e-01 4.976191e+00
3.280000e+00 4.380650e+00 5.955774e-01 4.976228e+00
3.300000e+00 4.370513e+00 6.057466e-01 4.976260e+00
3.320000e+00 4.360367e+00 6.159274e-01 4.976294e+00
3.340000e+00 4.350380e+00 6.259483e-01 4.976328e+00
3.360000e+00 4.340515e+00 6.358444e-01 4.976360e+00
3.380000e+00 4.330799e+00 6.455946e-01 4.976394e+00
3.400000e+00 4.321311e+00 6.551129e-01 4.976424e+00
3.420000e+00 4.311934e+00 6.645225e-01 4.976457e+00
3.440000e+00 4.302815e+00 6.736705e-01 4.976486e+00
3.460000e+00 4.293774e+00 6.827434e-01 4.976518e+00
3.480000e+00 4.284975e+00 6.915709e-01 4.976546e+00
3.500000e+00 4.276238e+00 7.003382e-01 4.976576e+00
3.520000e+00 4.267716e+00 7.088881e-01 4.976604e+00
3.540000e+00 4.259297e+00 7.173354e-01 4.976632e+00
3.560000e+00 4.251058e+00 7.256020e-01 4.976660e+00
3.580000e+00 4.243022e+00 7.336640e-01 4.976686e+00
3.600000e+00 4.235157e+00 7.415572e-01 4.976714e+00
3.620000e+00 4.227586e+00 7.491516e-01 4.976738e+00
3.640000e+00 4.220225e+00 7.565389e-01 4.976764e+00
3.660000e+00 4.213210e+00 7.635763e-01 4.976786e+00
3.680000e+00 4.206449e+00 7.703609e-01 4.976809e+00
3.700000e+00 4.200049e+00 7.767826e-01 4.976831e+00
3.720000e+00 4.193932e+00 7.829188e-01 4.976851e+00
3.740000e+00 4.188136e+00 7.887357e-01 4.976872e+00
3.760000e+00 4.182657e+00 7.942319e-01 4.976889e+00
3.780000e+00 4.177425e+00 7.994830e-01 4.976908e+00
3.800000e+00 4.172518e+00 8.044059e-01 4.976924e+00
3.820000e+00 4.167827e+00 8.091130e-01 4.976940e+00
3.840000e+00 4.163436e+00 8.135194e-01 4.976955e+00
3.860000e+00 4.159276e+00 8.176920e-01 4.976968e+00
3.880000e+00 4.155406e+00 8.215764e-01 4.976982e+00
3.900000e+00 4.151813e+00 8.251811e-01 4.976994e+00
3.920000e+00 4.148508e+00 8.284978e-01 4.977005e+00
3.940000e+00 4.145561e+00 8.314542e-01 4.977015e+00
3.960000e+00 4.142909e+00 8.341154e-01 4.977024e+00
3.980000e+00 4.140675e+00 8.363573e-01 4.977032e+00
4.000000e+00 4.138785e+00 8.382528e-01 4.977038e+00
4.020000e+00 4.137309e+00 8.397354e-01 4.977044e+00
4.040000e+00 4.136237e+00 8.408092e-01 4.977047e+00
4.060000e+00 4.135546e+00 8.415045e-01 4.977050e+00
4.080000e+00 4.135286e+00 8.417654e-01 4.977051e+00
4.100000e+00 4.135360e+00 8.416899e-01 4.977050e+00
4.120000e+00 4.135853e+00 8.411979e-01 4.977051e+00
4.140000e+00 4.136659e+00 8.403880e-01 4.977047e+00
4.160000e+00 4.137805e+00 8.392382e-01 4.977044e+00
4.180000e+00 4.139291e+00 8.377491e-01 4.977040e+00
4.200000e+00 4.141030e+00 8.360023e-01 4.977032e+00
4.220000e+00 4.143115e+00 8.339121e-01 4.977027e+00
4.240000e+00 4.145435e+00 8.315849e-01 4.977020e+00
4.260000e+00 4.148064e+00 8.289451e-01 4.977009e+00
4.280000e+00 4.150971e+00 8.260316e-01 4.977003e+00
4.300000e+00 4.154132e+00 8.228579e-01 4.976990e+00
4.320000e+00 4.157637e+00 8.193415e-01 4.976979e+00
4.340000e+00 4.161375e+00 8.155943e-01 4.976969e+00
4.360000e+00 4.165460e+00 8.114914e-01 4.976952e+00
4.380000e+00 4.169846e+00 8.070937e-01 4.976940e+00
4.400000e+00 4.174524e+00 8.024009e-01 4.976925e+00
4.420000e+00 4.179567e+00 7.973381e-01 4.976905e+00
4.440000e+00 4.184886e+00 7.920053e-01 4.976891e+00
4.460000e+00 4.190569e+00 7.863020e-01 4.976871e+00
4.480000e+00 4.196541e+00 7.803082e-01 4.976849e+00
4.500000e+00 4.202835e+00 7.739980e-01 4.976833e+00
4.520000e+00 4.209454e+00 7.673535e-01 4.976807e+00
4.540000e+00 4.216307e+00 7.604776e-01 4.976784e+00
4.560000e+00 4.223506e+00 7.532588e-01 4.976764e+00
4.580000e+00 4.230914e+00 7.458212e-01 4.976735e+00
4.600000e+00 4.238570e+00 7.381416e-01 4.976712e+00
4.620000e+00 4.246494e+00 7.301935e-01 4.976688e+00
4.640000e+00 4.254559e+00 7.220969e-01 4.976656e+00
4.660000e+00 4.262882e+00 7.137519e-01 4.976634e+00
4.680000e+00 4.271341e+00 7.052637e-01 4.976604e+00
4.700000e+00 4.279959e+00 6.966128e-01 4.976571e+00
4.720000e+00 4.288767e+00 6.877827e-01 4.976550e+00
4.740000e+00 4.297637e+00 6.788771e-01 4.976514e+00
4.760000e+00 4.306698e+00 6.697861e-01 4.976484e+00
4.780000e+00 4.315835e+00 6.606255e-01 4.976461e+00
4.800000e+00 4.325053e+00 6.513671e-01 4.976420e+00
4.820000e+00 4.334431e+00 6.419649e-01 4.976396e+00
4.840000e+00 4.343822e+00 6.325437e-01 4.976366e+00
4.860000e+00 4.353332e+00 6.229920e-01 4.976324e+00
4.880000e+00 4.362927e+00 6.133776e-01 4.976305e+00
4.900000e+00 4.372557e+00 6.037082e-01 4.976265e+00
4.920000e+00 4.382300e+00 5.939300e-01 4.976230e+00
4.940000e+00 4.392067e+00 5.841424e-01 4.976210e+00
4.960000e+00 4.401892e+00 5.742701e-01 4.976162e+00
4.980000e+00 4.411829e+00 5.643084e-01 4.976137e+00
5.000000e+00 4.421745e+00 5.543633e-01 4.976108e+00
5.020000e+00 4.431729e+00 5.443314e-01 4.976061e+00
5.040000e+00 4.441757e+00 5.342864e-01 4.976043e+00
5.060000e+00 4.451822e+00 5.241803e-01 4.976003e+00
5.080000e+00 4.461913e+00 5.140487e-01 4.975962e+00
5.100000e+00 4.471995e+00 5.039502e-01 4.975945e+00
5.120000e+00 4.482120e+00 4.937750e-01 4.975895e+00
5.140000e+00 4.492237e+00 4.836288e-01 4.975866e+00
5.160000e+00 4.502367e+00 4.734756e-01 4.975843e+00
5.180000e+00 4.512490e+00 4.633007e-01 4.975790e+00
5.200000e+00 4.522546e+00 4.532247e-01 4.975771e+00
5.220000e+00 4.532625e+00 4.431124e-01 4.975738e+00
5.240000e+00 4.542632e+00 4.330567e-01 4.975689e+00
5.260000e+00 4.552629e+00 4.230470e-01 4.975676e+00
5.280000e+00 4.562562e+00 4.130692e-01 4.975631e+00
5.300000e+00 4.572398e+00 4.031945e-01 4.975593e+00
5.320000e+00 4.582206e+00 3.933739e-01 4.975580e+00
5.340000e+00 4.591892e+00 3.836354e-01 4.975527e+00
5.360000e+00 4.601512e+00 3.739898e-01 4.975501e+00
5.380000e+00 4.611095e+00 3.643872e-01 4.975482e+00
5.400000e+00 4.620487e+00 3.549404e-01 4.975427e+00
5.420000e+00 4.629807e+00 3.456078e-01 4.975414e+00
5.440000e+00 4.639017e+00 3.363676e-01 4.975384e+00
5.460000e+00 4.648050e+00 3.272841e-01 4.975334e+00
5.480000e+00 4.657064e+00 3.182668e-01 4.975330e+00
5.500000e+00 4.665880e+00 3.094066e-01 4.975286e+00
5.520000e+00 4.674555e+00 3.006939e-01 4.975249e+00
5.540000e+00 4.683133e+00 2.921139e-01 4.975247e+00
5.560000e+00 4.691475e+00 2.837168e-01 4.975192e+00
5.580000e+00 4.699751e+00 2.754218e-01 4.975172e+00
5.600000e+00 4.707890e+00 2.672736e-01 4.975163e+00
5.620000e+00 4.715812e+00 2.592910e-01 4.975103e+00
5.640000e+00 4.723668e+00 2.514348e-01 4.975103e+00
5.660000e+00 4.731308e+00 2.437704e-01 4.975078e+00
5.680000e+00 4.738745e+00 2.362804e-01 4.975025e+00
5.700000e+00 4.746130e+00 2.289078e-01 4.975038e+00
5.720000e+00 4.753282e+00 2.217104e-01 4.974993e+00
5.740000e+00 4.760311e+00 2.146471e-01 4.974958e+00
5.760000e+00 4.767227e+00 2.077454e-01 4.974972e+00
5.780000e+00 4.773894e+00 2.010169e-01 4.974911e+00
5.800000e+00 4.780481e+00 1.944218e-01 4.974903e+00
5.820000e+00 4.786885e+00 1.880183e-01 4.974904e+00
5.840000e+00 4.793084e+00 1.817546e-01 4.974838e+00
5.860000e+00 4.799245e+00 1.756096e-01 4.974854e+00
5.880000e+00 4.805182e+00 1.696503e-01 4.974832e+00
5.900000e+00 4.810964e+00 1.638137e-01 4.974777e+00
5.920000e+00 4.816672e+00 1.581367e-01 4.974808e+00
5.940000e+00 4.822142e+00 1.526173e-01 4.974760e+00
5.960000e+00 4.827507e+00 1.472238e-01 4.974730e+00
5.980000e+00 4.832768e+00 1.419916e-01 4.974759e+00
6.000000e+00 4.837818e+00 1.368740e-01 4.974692e+00
6.020000e+00 4.842800e+00 1.318952e-01 4.974695e+00
6.040000e+00 4.847626e+00 1.270792e-01 4.974705e+00
6.060000e+00 4.852273e+00 1.223598e-01 4.974633e+00
6.080000e+00 4.856872e+00 1.177942e-01 4.974666e+00
6.100000e+00 4.861277e+00 1.133686e-01 4.974645e+00
6.120000e+00 4.865542e+00 1.090463e-01 4.974588e+00
6.140000e+00 4.869779e+00 1.048581e-01 4.974637e+00
6.160000e+00 4.873804e+00 1.007795e-01 4.974584e+00
6.180000e+00 4.877729e+00 9.682979e-02 4.974558e+00
6.200000e+00 4.881594e+00 9.300949e-02 4.974603e+00
6.220000e+00 4.885241e+00 8.928558e-02 4.974527e+00
6.240000e+00 4.888838e+00 8.570244e-02 4.974541e+00
6.260000e+00 4.892333e+00 8.222811e-02 4.974561e+00
6.280000e+00 4.895644e+00 7.883587e-02 4.974480e+00
6.300000e+00 4.898956e+00 7.557283e-02 4.974529e+00
6.320000e+00 4.902107e+00 7.240384e-02 4.974511e+00
6.340000e+00 4.905117e+00 6.933118e-02 4.974448e+00
6.360000e+00 4.908151e+00 6.636580e-02 4.974517e+00
6.380000e+00 4.910954e+00 6.350310e-02 4.974457e+00
6.400000e+00 4.913677e+00 6.075573e-02 4.974433e+00
6.420000e+00 4.916400e+00 5.809613e-02 4.974496e+00
6.440000e+00 4.918890e+00 5.551692e-02 4.974407e+00
6.460000e+00 4.921380e+00 5.305102e-02 4.974431e+00
6.480000e+00 4.923811e+00 5.065137e-02 4.974463e+00
6.500000e+00 4.926041e+00 4.832690e-02 4.974368e+00
6.520000e+00 4.928333e+00 4.610296e-02 4.974436e+00
6.540000e+00 4.930462e+00 4.395619e-02 4.974418e+00
6.560000e+00 4.932456e+00 4.189073e-02 4.974347e+00
6.580000e+00 4.934530e+00 3.990770e-02 4.974438e+00
6.600000e+00 4.936357e+00 3.801155e-02 4.974368e+00
6.620000e+00 4.938143e+00 3.620213e-02 4.974345e+00
6.640000e+00 4.939983e+00 3.444517e-02 4.974428e+00
6.660000e+00 4.941566e+00 3.275593e-02 4.974322e+00
6.680000e+00 4.943206e+00 3.115326e-02 4.974359e+00
6.700000e+00 4.944810e+00 2.959046e-02 4.974401e+00
6.720000e+00 4.946198e+00 2.809105e-02 4.974289e+00
6.740000e+00 4.947710e+00 2.666798e-02 4.974378e+00
6.760000e+00 4.949056e+00 2.530272e-02 4.974358e+00
6.780000e+00 4.950280e+00 2.399613e-02 4.974277e+00
6.800000e+00 4.951645e+00 2.274708e-02 4.974392e+00
6.820000e+00 4.952742e+00 2.156635e-02 4.974308e+00
6.840000e+00 4.953840e+00 2.044756e-02 4.974287e+00
6.860000e+00 4.955033e+00 1.935652e-02 4.974389e+00
6.880000e+00 4.955943e+00 1.831973e-02 4.974263e+00
6.900000e+00 4.956966e+00 1.734888e-02 4.974315e+00
6.920000e+00 4.957968e+00 1.639624e-02 4.974365e+00
6.940000e+00 4.958746e+00 1.548787e-02 4.974234e+00
6.960000e+00 4.959709e+00 1.463848e-02 4.974347e+00
6.980000e+00 4.960495e+00 1.382565e-02 4.974321e+00
7.000000e+00 4.961183e+00 1.304664e-02 4.974230e+00
7.020000e+00 4.962063e+00 1.230678e-02 4.974370e+00
7.040000e+00 4.962651e+00 1.161752e-02 4.974269e+00
7.060000e+00 4.963283e+00 1.096904e-02 4.974252e+00
7.080000e+00 4.964037e+00 1.033359e-02 4.974371e+00
7.100000e+00 4.964486e+00 9.736946e-03 4.974223e+00
7.120000e+00 4.965100e+00 9.191142e-03 4.974291e+00
7.140000e+00 4.965696e+00 8.648956e-03 4.974345e+00
7.160000e+00 4.966067e+00 8.130631e-03 4.974197e+00
7.180000e+00 4.966676e+00 7.657551e-03 4.974333e+00
7.200000e+00 4.967091e+00 7.206765e-03 4.974298e+00
7.220000e+00 4.967427e+00 6.773750e-03 4.974200e+00
7.240000e+00 4.968005e+00 6.356768e-03 4.974362e+00
7.260000e+00 4.968270e+00 5.972798e-03 4.974242e+00
7.280000e+00 4.968599e+00 5.632663e-03 4.974232e+00
7.300000e+00 4.969082e+00 5.281478e-03 4.974364e+00
7.320000e+00 4.969262e+00 4.934325e-03 4.974196e+00
7.340000e+00 4.969611e+00 4.669663e-03 4.974280e+00
7.360000e+00 4.969943e+00 4.392649e-03 4.974335e+00
7.380000e+00 4.970098e+00 4.075045e-03 4.974173e+00
7.400000e+00 4.970489e+00 3.840849e-03 4.974330e+00
7.420000e+00 4.970650e+00 3.634223e-03 4.974284e+00
7.440000e+00 4.970802e+00 3.380486e-03 4.974183e+00
7.460000e+00 4.971210e+00 3.151677e-03 4.974362e+00
7.480000e+00 4.971249e+00 2.976390e-03 4.974225e+00
7.500000e+00 4.971419e+00 2.802588e-03 4.974221e+00
7.520000e+00 4.971760e+00 2.602410e-03 4.974363e+00
7.540000e+00 4.971751e+00 2.428004e-03 4.974179e+00
7.560000e+00 4.971973e+00 2.303533e-03 4.974277e+00
7.580000e+00 4.972172e+00 2.159125e-03 4.974331e+00
7.600000e+00 4.972159e+00 1.999420e-03 4.974159e+00
7.620000e+00 4.972454e+00 1.876805e-03 4.974331e+00
7.640000e+00 4.972500e+00 1.776096e-03 4.974276e+00
7.660000e+00 4.972519e+00 1.653943e-03 4.974173e+00
7.680000e+00 4.972836e+00 1.527667e-03 4.974363e+00
7.700000e+00 4.972765e+00 1.450411e-03 4.974215e+00
7.720000e+00 4.972843e+00 1.373596e-03 4.974216e+00
7.740000e+00 4.973109e+00 1.254153e-03 4.974363e+00
7.760000e+00 4.972997e+00 1.171670e-03 4.974169e+00
7.780000e+00 4.973144e+00 1.131790e-03 4.974276e+00
7.800000e+00 4.973273e+00 1.055860e-03 4.974328e+00
7.820000e+00 4.973193e+00 9.582118e-04 4.974151e+00
7.840000e+00 4.973417e+00 9.150162e-04 4.974332e+00
7.860000e+00 4.973380e+00 8.910753e-04 4.974271e+00
7.880000e+00 4.973355e+00 8.132352e-04 4.974168e+00
7.900000e+00 4.973624e+00 7.406225e-04 4.974365e+00
7.920000e+00 4.973486e+00 7.243976e-04 4.974210e+00
7.940000e+00 4.973516e+00 6.978800e-04 4.974214e+00
7.960000e+00 4.973744e+00 6.188822e-04 4.974363e+00
7.980000e+00 4.973594e+00 5.709042e-04 4.974165e+00
8.000000e+00 4.973691e+00 5.843028e-04 4.974275e+00
